[debug] [2025-07-01T07:57:43.012Z] ----------------------------------------------------------------------
[debug] [2025-07-01T07:57:43.015Z] Command:       C:\Program Files\nodejs\node.exe C:\Users\aa176\AppData\Roaming\npm\node_modules\firebase-tools\lib\bin\firebase.js init
[debug] [2025-07-01T07:57:43.016Z] CLI Version:   14.9.0
[debug] [2025-07-01T07:57:43.016Z] Platform:      win32
[debug] [2025-07-01T07:57:43.017Z] Node Version:  v22.17.0
[debug] [2025-07-01T07:57:43.017Z] Time:          Tue Jul 01 2025 13:27:43 GMT+0530 (India Standard Time)
[debug] [2025-07-01T07:57:43.017Z] ----------------------------------------------------------------------
[debug] 
[debug] [2025-07-01T07:57:43.027Z] > command requires scopes: ["email","openid","https://www.googleapis.com/auth/cloudplatformprojects.readonly","https://www.googleapis.com/auth/firebase","https://www.googleapis.com/auth/cloud-platform"]
[debug] [2025-07-01T07:57:43.028Z] > authorizing via signed-in user (aditya1234tinku@gmail.com)
[info] 
     ######## #### ########  ######## ########     ###     ######  ########
     ##        ##  ##     ## ##       ##     ##  ##   ##  ##       ##
     ######    ##  ########  ######   ########  #########  ######  ######
     ##        ##  ##    ##  ##       ##     ## ##     ##       ## ##
     ##       #### ##     ## ######## ########  ##     ##  ######  ########

You're about to initialize a Firebase project in this directory:

  C:\Users\aa176\OneDrive\Desktop\Travel-Expense-Management

[debug] [2025-07-01T08:03:10.209Z] ExitPromptError: User force closed the prompt with SIGINT
    at Interface.sigint (C:\Users\aa176\AppData\Roaming\npm\node_modules\firebase-tools\node_modules\@inquirer\core\dist\commonjs\lib\create-prompt.js:101:37)
    at Interface.emit (node:events:518:28)
    at Interface.emit (node:domain:489:12)
    at [_ttyWrite] [as _ttyWrite] (node:internal/readline/interface:1132:18)
    at ReadStream.onkeypress (node:internal/readline/interface:271:20)
    at ReadStream.emit (node:events:530:35)
    at ReadStream.emit (node:domain:489:12)
    at emitKeys (node:internal/readline/utils:370:14)
    at emitKeys.next (<anonymous>)
    at ReadStream.onData (node:internal/readline/emitKeypressEvents:64:36)
[error] 
[error] Error: An unexpected error has occurred.
